<?xml version="1.0" encoding="UTF-8" ?>
<testsuite tests="2" failures="1" name="edu.stanford.crypto.cs251.ScriptTest" time="13.808" errors="0" skipped="0">
  <properties>
[...]
</properties>
  <testcase classname="edu.stanford.crypto.cs251.ScriptTest" name="printAddress" time="6.151"/>
  <testcase classname="edu.stanford.crypto.cs251.ScriptTest" name="testPayToPubKey" time="1.593">
    <failure message="Insufficient money,  missing 1001000 satoshis" type="java.lang.AssertionError">java.lang.AssertionError: Insufficient money,  missing 1001000 satoshis
	at org.junit.Assert.fail(Assert.java:88)
	at edu.stanford.crypto.cs251.ScriptTest.testPayToPubKey(ScriptTest.java:86)
	at sun.reflect.NativeMethodAccessorImpl.invoke0(Native Method)
	at sun.reflect.NativeMethodAccessorImpl.invoke(NativeMethodAccessorImpl.java:62)
	at sun.reflect.DelegatingMethodAccessorImpl.invoke(DelegatingMethodAccessorImpl.java:43)
	at java.lang.reflect.Method.invoke(Method.java:498)
	at org.junit.runners.model.FrameworkMethod$1.runReflectiveCall(FrameworkMethod.java:47)
	at org.junit.internal.runners.model.ReflectiveCallable.run(ReflectiveCallable.java:12)
	at org.junit.runners.model.FrameworkMethod.invokeExplosively(FrameworkMethod.java:44)
	at org.junit.internal.runners.statements.InvokeMethod.evaluate(InvokeMethod.java:17)
	at org.junit.runners.ParentRunner.runLeaf(ParentRunner.java:271)
	at org.junit.runners.BlockJUnit4ClassRunner.runChild(BlockJUnit4ClassRunner.java:70)
	at org.junit.runners.BlockJUnit4ClassRunner.runChild(BlockJUnit4ClassRunner.java:50)
	at org.junit.runners.ParentRunner$3.run(ParentRunner.java:238)
	at org.junit.runners.ParentRunner$1.schedule(ParentRunner.java:63)
	at org.junit.runners.ParentRunner.runChildren(ParentRunner.java:236)
	at org.junit.runners.ParentRunner.access$000(ParentRunner.java:53)
	at org.junit.runners.ParentRunner$2.evaluate(ParentRunner.java:229)
	at org.junit.runners.ParentRunner.run(ParentRunner.java:309)
	at org.apache.maven.surefire.junit4.JUnit4TestSet.execute(JUnit4TestSet.java:53)
	at org.apache.maven.surefire.junit4.JUnit4Provider.executeTestSet(JUnit4Provider.java:123)
	at org.apache.maven.surefire.junit4.JUnit4Provider.invoke(JUnit4Provider.java:104)
	at sun.reflect.NativeMethodAccessorImpl.invoke0(Native Method)
	at sun.reflect.NativeMethodAccessorImpl.invoke(NativeMethodAccessorImpl.java:62)
	at sun.reflect.DelegatingMethodAccessorImpl.invoke(DelegatingMethodAccessorImpl.java:43)
	at java.lang.reflect.Method.invoke(Method.java:498)
	at org.apache.maven.surefire.util.ReflectionUtils.invokeMethodWithArray(ReflectionUtils.java:164)
	at org.apache.maven.surefire.booter.ProviderFactory$ProviderProxy.invoke(ProviderFactory.java:110)
	at org.apache.maven.surefire.booter.SurefireStarter.invokeProvider(SurefireStarter.java:175)
	at org.apache.maven.surefire.booter.SurefireStarter.runSuitesInProcessWhenForked(SurefireStarter.java:107)
	at org.apache.maven.surefire.booter.ForkedBooter.main(ForkedBooter.java:68)
</failure>
    <system-out>16:32:32.919 [main] INFO  edu.stanford.crypto.cs251.ScriptTest - Running on testnet.
16:32:32.922 [main] INFO  edu.stanford.crypto.cs251.transactions.ScriptTransaction - Starting to sync blockchain. This might take a few minutes
16:32:33.006 [PeerGroup Thread] WARN  org.bitcoinj.net.discovery.MultiplexingDiscovery - Seed testnet-seed.bitcoin.schildbach.de: failed to look up: org.bitcoinj.net.discovery.PeerDiscoveryException: java.net.UnknownHostException: testnet-seed.bitcoin.schildbach.de
16:32:33.006 [PeerGroup Thread] WARN  org.bitcoinj.net.discovery.MultiplexingDiscovery - Seed testnet-seed.bitcoin.schildbach.de: failed to look up: org.bitcoinj.net.discovery.PeerDiscoveryException: java.net.UnknownHostException: testnet-seed.bitcoin.schildbach.de
16:32:33.014 [PeerGroup Thread] WARN  org.bitcoinj.core.PeerGroup - Failed to connect to [2001:41d0:52:100:0:0:0:122f]:18333: No route to host
16:32:33.014 [PeerGroup Thread] WARN  org.bitcoinj.core.PeerGroup - Failed to connect to [2001:41d0:52:100:0:0:0:122f]:18333: No route to host
16:32:33.014 [PeerGroup Thread] WARN  org.bitcoinj.core.PeerGroup - IPv6 peer connect failed due to routing failure, ignoring IPv6 addresses from now on
16:32:33.014 [PeerGroup Thread] WARN  org.bitcoinj.core.PeerGroup - IPv6 peer connect failed due to routing failure, ignoring IPv6 addresses from now on
16:32:33.310 [main] INFO  edu.stanford.crypto.cs251.transactions.ScriptTransaction - Synced blockchain.
16:32:33.324 [main] INFO  edu.stanford.crypto.cs251.transactions.ScriptTransaction - You&apos;ve got 0.00 BTC in your pocket
16:32:33.338 [NioClientManager] WARN  org.bitcoinj.core.Peer - Received alert with invalid signature from peer [13.125.190.124]:18333: URGENT: Alert key compromised, upgrade required
16:32:33.338 [NioClientManager] WARN  org.bitcoinj.core.Peer - Received alert with invalid signature from peer [13.125.190.124]:18333: URGENT: Alert key compromised, upgrade required
16:32:33.481 [NioClientManager] WARN  org.bitcoinj.core.PeerSocketHandler - [54.218.255.17]:18333 - 
org.bitcoinj.core.ProtocolException: Peer does not have a copy of the block chain.
	at org.bitcoinj.core.Peer.processVersionMessage(Peer.java:458) ~[bitcoinj-core-0.13.1.jar:?]
	at org.bitcoinj.core.Peer.processMessage(Peer.java:375) ~[bitcoinj-core-0.13.1.jar:?]
	at org.bitcoinj.core.PeerSocketHandler.receiveBytes(PeerSocketHandler.java:180) [bitcoinj-core-0.13.1.jar:?]
	at org.bitcoinj.net.ConnectionHandler.handleKey(ConnectionHandler.java:223) [bitcoinj-core-0.13.1.jar:?]
	at org.bitcoinj.net.NioClientManager.handleKey(NioClientManager.java:86) [bitcoinj-core-0.13.1.jar:?]
	at org.bitcoinj.net.NioClientManager.run(NioClientManager.java:122) [bitcoinj-core-0.13.1.jar:?]
	at com.google.common.util.concurrent.AbstractExecutionThreadService$1$2.run(AbstractExecutionThreadService.java:60) [guava-16.0.1.jar:?]
	at com.google.common.util.concurrent.Callables$3.run(Callables.java:93) [guava-16.0.1.jar:?]
	at org.bitcoinj.utils.ContextPropagatingThreadFactory$1.run(ContextPropagatingThreadFactory.java:35) [bitcoinj-core-0.13.1.jar:?]
	at java.lang.Thread.run(Thread.java:748) [?:1.8.0_131]
16:32:33.481 [NioClientManager] WARN  org.bitcoinj.core.PeerSocketHandler - [54.218.255.17]:18333 - 
org.bitcoinj.core.ProtocolException: Peer does not have a copy of the block chain.
	at org.bitcoinj.core.Peer.processVersionMessage(Peer.java:458) ~[bitcoinj-core-0.13.1.jar:?]
	at org.bitcoinj.core.Peer.processMessage(Peer.java:375) ~[bitcoinj-core-0.13.1.jar:?]
	at org.bitcoinj.core.PeerSocketHandler.receiveBytes(PeerSocketHandler.java:180) [bitcoinj-core-0.13.1.jar:?]
	at org.bitcoinj.net.ConnectionHandler.handleKey(ConnectionHandler.java:223) [bitcoinj-core-0.13.1.jar:?]
	at org.bitcoinj.net.NioClientManager.handleKey(NioClientManager.java:86) [bitcoinj-core-0.13.1.jar:?]
	at org.bitcoinj.net.NioClientManager.run(NioClientManager.java:122) [bitcoinj-core-0.13.1.jar:?]
	at com.google.common.util.concurrent.AbstractExecutionThreadService$1$2.run(AbstractExecutionThreadService.java:60) [guava-16.0.1.jar:?]
	at com.google.common.util.concurrent.Callables$3.run(Callables.java:93) [guava-16.0.1.jar:?]
	at org.bitcoinj.utils.ContextPropagatingThreadFactory$1.run(ContextPropagatingThreadFactory.java:35) [bitcoinj-core-0.13.1.jar:?]
	at java.lang.Thread.run(Thread.java:748) [?:1.8.0_131]
16:32:33.494 [NioClientManager] WARN  org.bitcoinj.net.ConnectionHandler - Error handling SelectionKey: java.lang.IllegalStateException
16:32:33.494 [NioClientManager] WARN  org.bitcoinj.net.ConnectionHandler - Error handling SelectionKey: java.lang.IllegalStateException
16:32:33.592 [main] WARN  org.bitcoinj.core.Wallet - Insufficient value in wallet for send: needed 0.01001 BTC more
16:32:33.592 [main] WARN  org.bitcoinj.core.Wallet - Insufficient value in wallet for send: needed 0.01001 BTC more
</system-out>
    <system-err>org.bitcoinj.core.InsufficientMoneyException: Insufficient money,  missing 1001000 satoshis
	at org.bitcoinj.core.Wallet.calculateFee(Wallet.java:4647)
	at org.bitcoinj.core.Wallet.completeTx(Wallet.java:3656)
	at edu.stanford.crypto.cs251.transactions.ScriptTransaction.createOutgoingTransaction(ScriptTransaction.java:72)
	at edu.stanford.crypto.cs251.ScriptTest.testTransaction(ScriptTest.java:68)
	at edu.stanford.crypto.cs251.ScriptTest.testPayToPubKey(ScriptTest.java:82)
	at sun.reflect.NativeMethodAccessorImpl.invoke0(Native Method)
	at sun.reflect.NativeMethodAccessorImpl.invoke(NativeMethodAccessorImpl.java:62)
	at sun.reflect.DelegatingMethodAccessorImpl.invoke(DelegatingMethodAccessorImpl.java:43)
	at java.lang.reflect.Method.invoke(Method.java:498)
	at org.junit.runners.model.FrameworkMethod$1.runReflectiveCall(FrameworkMethod.java:47)
	at org.junit.internal.runners.model.ReflectiveCallable.run(ReflectiveCallable.java:12)
	at org.junit.runners.model.FrameworkMethod.invokeExplosively(FrameworkMethod.java:44)
	at org.junit.internal.runners.statements.InvokeMethod.evaluate(InvokeMethod.java:17)
	at org.junit.runners.ParentRunner.runLeaf(ParentRunner.java:271)
	at org.junit.runners.BlockJUnit4ClassRunner.runChild(BlockJUnit4ClassRunner.java:70)
	at org.junit.runners.BlockJUnit4ClassRunner.runChild(BlockJUnit4ClassRunner.java:50)
	at org.junit.runners.ParentRunner$3.run(ParentRunner.java:238)
	at org.junit.runners.ParentRunner$1.schedule(ParentRunner.java:63)
	at org.junit.runners.ParentRunner.runChildren(ParentRunner.java:236)
	at org.junit.runners.ParentRunner.access$000(ParentRunner.java:53)
	at org.junit.runners.ParentRunner$2.evaluate(ParentRunner.java:229)
	at org.junit.runners.ParentRunner.run(ParentRunner.java:309)
	at org.apache.maven.surefire.junit4.JUnit4TestSet.execute(JUnit4TestSet.java:53)
	at org.apache.maven.surefire.junit4.JUnit4Provider.executeTestSet(JUnit4Provider.java:123)
	at org.apache.maven.surefire.junit4.JUnit4Provider.invoke(JUnit4Provider.java:104)
	at sun.reflect.NativeMethodAccessorImpl.invoke0(Native Method)
	at sun.reflect.NativeMethodAccessorImpl.invoke(NativeMethodAccessorImpl.java:62)
	at sun.reflect.DelegatingMethodAccessorImpl.invoke(DelegatingMethodAccessorImpl.java:43)
	at java.lang.reflect.Method.invoke(Method.java:498)
	at org.apache.maven.surefire.util.ReflectionUtils.invokeMethodWithArray(ReflectionUtils.java:164)
	at org.apache.maven.surefire.booter.ProviderFactory$ProviderProxy.invoke(ProviderFactory.java:110)
	at org.apache.maven.surefire.booter.SurefireStarter.invokeProvider(SurefireStarter.java:175)
	at org.apache.maven.surefire.booter.SurefireStarter.runSuitesInProcessWhenForked(SurefireStarter.java:107)
	at org.apache.maven.surefire.booter.ForkedBooter.main(ForkedBooter.java:68)
</system-err>
  </testcase>
</testsuite>