<?xml version="1.0" encoding="UTF-8" ?>
<testsuite tests="2" failures="1" name="edu.stanford.crypto.cs251.ScriptTest" time="13.808" errors="0" skipped="0">
  <properties>
    <property name="java.runtime.name" value="Java(TM) SE Runtime Environment"/>
    <property name="sun.boot.library.path" value="/Library/Java/JavaVirtualMachines/jdk1.8.0_131.jdk/Contents/Home/jre/lib"/>
    <property name="java.vm.version" value="25.131-b11"/>
    <property name="gopherProxySet" value="false"/>
    <property name="java.vm.vendor" value="Oracle Corporation"/>
    <property name="java.vendor.url" value="http://java.oracle.com/"/>
    <property name="path.separator" value=":"/>
    <property name="guice.disable.misplaced.annotation.check" value="true"/>
    <property name="java.vm.name" value="Java HotSpot(TM) 64-Bit Server VM"/>
    <property name="file.encoding.pkg" value="sun.io"/>
    <property name="user.country" value="US"/>
    <property name="sun.java.launcher" value="SUN_STANDARD"/>
    <property name="sun.os.patch.level" value="unknown"/>
    <property name="test" value="edu.stanford.crypto.cs251.ScriptTest"/>
    <property name="java.vm.specification.name" value="Java Virtual Machine Specification"/>
    <property name="user.dir" value="/Users/macbook/Desktop/Project1"/>
    <property name="java.runtime.version" value="1.8.0_131-b11"/>
    <property name="java.awt.graphicsenv" value="sun.awt.CGraphicsEnvironment"/>
    <property name="java.endorsed.dirs" value="/Library/Java/JavaVirtualMachines/jdk1.8.0_131.jdk/Contents/Home/jre/lib/endorsed"/>
    <property name="os.arch" value="x86_64"/>
    <property name="java.io.tmpdir" value="/var/folders/fv/bj_rcmz163q2z7h13vhdrcqr0000gn/T/"/>
    <property name="line.separator" value="
"/>
    <property name="java.vm.specification.vendor" value="Oracle Corporation"/>
    <property name="os.name" value="Mac OS X"/>
    <property name="maven.ext.class.path" value="/Applications/NetBeans/NetBeans 8.2.app/Contents/Resources/NetBeans/java/maven-nblib/netbeans-eventspy.jar"/>
    <property name="classworlds.conf" value="/Applications/NetBeans/NetBeans 8.2.app/Contents/Resources/NetBeans/java/maven/bin/m2.conf"/>
    <property name="sun.jnu.encoding" value="UTF-8"/>
    <property name="java.library.path" value="/Users/macbook/Library/Java/Extensions:/Library/Java/Extensions:/Network/Library/Java/Extensions:/System/Library/Java/Extensions:/usr/lib/java:."/>
    <property name="java.specification.name" value="Java Platform API Specification"/>
    <property name="java.class.version" value="52.0"/>
    <property name="sun.management.compiler" value="HotSpot 64-Bit Tiered Compilers"/>
    <property name="os.version" value="10.12.6"/>
    <property name="http.nonProxyHosts" value="local|*.local|169.254/16|*.169.254/16"/>
    <property name="user.home" value="/Users/macbook"/>
    <property name="user.timezone" value="Asia/Bangkok"/>
    <property name="java.awt.printerjob" value="sun.lwawt.macosx.CPrinterJob"/>
    <property name="java.specification.version" value="1.8"/>
    <property name="file.encoding" value="UTF-8"/>
    <property name="user.name" value="macbook"/>
    <property name="java.class.path" value="/Applications/NetBeans/NetBeans 8.2.app/Contents/Resources/NetBeans/java/maven/boot/plexus-classworlds-2.4.jar"/>
    <property name="java.vm.specification.version" value="1.8"/>
    <property name="sun.arch.data.model" value="64"/>
    <property name="java.home" value="/Library/Java/JavaVirtualMachines/jdk1.8.0_131.jdk/Contents/Home/jre"/>
    <property name="sun.java.command" value="org.codehaus.plexus.classworlds.launcher.Launcher -Dtest=edu.stanford.crypto.cs251.ScriptTest -Dmaven.ext.class.path=/Applications/NetBeans/NetBeans 8.2.app/Contents/Resources/NetBeans/java/maven-nblib/netbeans-eventspy.jar surefire:test"/>
    <property name="java.specification.vendor" value="Oracle Corporation"/>
    <property name="user.language" value="en"/>
    <property name="awt.toolkit" value="sun.lwawt.macosx.LWCToolkit"/>
    <property name="java.vm.info" value="mixed mode"/>
    <property name="java.version" value="1.8.0_131"/>
    <property name="java.ext.dirs" value="/Users/macbook/Library/Java/Extensions:/Library/Java/JavaVirtualMachines/jdk1.8.0_131.jdk/Contents/Home/jre/lib/ext:/Library/Java/Extensions:/Network/Library/Java/Extensions:/System/Library/Java/Extensions:/usr/lib/java"/>
    <property name="sun.boot.class.path" value="/Library/Java/JavaVirtualMachines/jdk1.8.0_131.jdk/Contents/Home/jre/lib/resources.jar:/Library/Java/JavaVirtualMachines/jdk1.8.0_131.jdk/Contents/Home/jre/lib/rt.jar:/Library/Java/JavaVirtualMachines/jdk1.8.0_131.jdk/Contents/Home/jre/lib/sunrsasign.jar:/Library/Java/JavaVirtualMachines/jdk1.8.0_131.jdk/Contents/Home/jre/lib/jsse.jar:/Library/Java/JavaVirtualMachines/jdk1.8.0_131.jdk/Contents/Home/jre/lib/jce.jar:/Library/Java/JavaVirtualMachines/jdk1.8.0_131.jdk/Contents/Home/jre/lib/charsets.jar:/Library/Java/JavaVirtualMachines/jdk1.8.0_131.jdk/Contents/Home/jre/lib/jfr.jar:/Library/Java/JavaVirtualMachines/jdk1.8.0_131.jdk/Contents/Home/jre/classes"/>
    <property name="java.vendor" value="Oracle Corporation"/>
    <property name="maven.home" value="/Applications/NetBeans/NetBeans 8.2.app/Contents/Resources/NetBeans/java/maven"/>
    <property name="file.separator" value="/"/>
    <property name="java.vendor.url.bug" value="http://bugreport.sun.com/bugreport/"/>
    <property name="sun.cpu.endian" value="little"/>
    <property name="sun.io.unicode.encoding" value="UnicodeBig"/>
    <property name="socksNonProxyHosts" value="local|*.local|169.254/16|*.169.254/16"/>
    <property name="ftp.nonProxyHosts" value="local|*.local|169.254/16|*.169.254/16"/>
    <property name="sun.cpu.isalist" value=""/>
  </properties>
  <testcase classname="edu.stanford.crypto.cs251.ScriptTest" name="printAddress" time="6.151"/>
  <testcase classname="edu.stanford.crypto.cs251.ScriptTest" name="testPayToPubKey" time="1.593">
    <failure message="Insufficient money,  missing 1001000 satoshis" type="java.lang.AssertionError">java.lang.AssertionError: Insufficient money,  missing 1001000 satoshis
	at org.junit.Assert.fail(Assert.java:88)
	at edu.stanford.crypto.cs251.ScriptTest.testPayToPubKey(ScriptTest.java:86)
	at sun.reflect.NativeMethodAccessorImpl.invoke0(Native Method)
	at sun.reflect.NativeMethodAccessorImpl.invoke(NativeMethodAccessorImpl.java:62)
	at sun.reflect.DelegatingMethodAccessorImpl.invoke(DelegatingMethodAccessorImpl.java:43)
	at java.lang.reflect.Method.invoke(Method.java:498)
	at org.junit.runners.model.FrameworkMethod$1.runReflectiveCall(FrameworkMethod.java:47)
	at org.junit.internal.runners.model.ReflectiveCallable.run(ReflectiveCallable.java:12)
	at org.junit.runners.model.FrameworkMethod.invokeExplosively(FrameworkMethod.java:44)
	at org.junit.internal.runners.statements.InvokeMethod.evaluate(InvokeMethod.java:17)
	at org.junit.runners.ParentRunner.runLeaf(ParentRunner.java:271)
	at org.junit.runners.BlockJUnit4ClassRunner.runChild(BlockJUnit4ClassRunner.java:70)
	at org.junit.runners.BlockJUnit4ClassRunner.runChild(BlockJUnit4ClassRunner.java:50)
	at org.junit.runners.ParentRunner$3.run(ParentRunner.java:238)
	at org.junit.runners.ParentRunner$1.schedule(ParentRunner.java:63)
	at org.junit.runners.ParentRunner.runChildren(ParentRunner.java:236)
	at org.junit.runners.ParentRunner.access$000(ParentRunner.java:53)
	at org.junit.runners.ParentRunner$2.evaluate(ParentRunner.java:229)
	at org.junit.runners.ParentRunner.run(ParentRunner.java:309)
	at org.apache.maven.surefire.junit4.JUnit4TestSet.execute(JUnit4TestSet.java:53)
	at org.apache.maven.surefire.junit4.JUnit4Provider.executeTestSet(JUnit4Provider.java:123)
	at org.apache.maven.surefire.junit4.JUnit4Provider.invoke(JUnit4Provider.java:104)
	at sun.reflect.NativeMethodAccessorImpl.invoke0(Native Method)
	at sun.reflect.NativeMethodAccessorImpl.invoke(NativeMethodAccessorImpl.java:62)
	at sun.reflect.DelegatingMethodAccessorImpl.invoke(DelegatingMethodAccessorImpl.java:43)
	at java.lang.reflect.Method.invoke(Method.java:498)
	at org.apache.maven.surefire.util.ReflectionUtils.invokeMethodWithArray(ReflectionUtils.java:164)
	at org.apache.maven.surefire.booter.ProviderFactory$ProviderProxy.invoke(ProviderFactory.java:110)
	at org.apache.maven.surefire.booter.SurefireStarter.invokeProvider(SurefireStarter.java:175)
	at org.apache.maven.surefire.booter.SurefireStarter.runSuitesInProcessWhenForked(SurefireStarter.java:107)
	at org.apache.maven.surefire.booter.ForkedBooter.main(ForkedBooter.java:68)
</failure>
    <system-out>16:32:32.919 [main] INFO  edu.stanford.crypto.cs251.ScriptTest - Running on testnet.
16:32:32.922 [main] INFO  edu.stanford.crypto.cs251.transactions.ScriptTransaction - Starting to sync blockchain. This might take a few minutes
16:32:33.006 [PeerGroup Thread] WARN  org.bitcoinj.net.discovery.MultiplexingDiscovery - Seed testnet-seed.bitcoin.schildbach.de: failed to look up: org.bitcoinj.net.discovery.PeerDiscoveryException: java.net.UnknownHostException: testnet-seed.bitcoin.schildbach.de
16:32:33.006 [PeerGroup Thread] WARN  org.bitcoinj.net.discovery.MultiplexingDiscovery - Seed testnet-seed.bitcoin.schildbach.de: failed to look up: org.bitcoinj.net.discovery.PeerDiscoveryException: java.net.UnknownHostException: testnet-seed.bitcoin.schildbach.de
16:32:33.014 [PeerGroup Thread] WARN  org.bitcoinj.core.PeerGroup - Failed to connect to [2001:41d0:52:100:0:0:0:122f]:18333: No route to host
16:32:33.014 [PeerGroup Thread] WARN  org.bitcoinj.core.PeerGroup - Failed to connect to [2001:41d0:52:100:0:0:0:122f]:18333: No route to host
16:32:33.014 [PeerGroup Thread] WARN  org.bitcoinj.core.PeerGroup - IPv6 peer connect failed due to routing failure, ignoring IPv6 addresses from now on
16:32:33.014 [PeerGroup Thread] WARN  org.bitcoinj.core.PeerGroup - IPv6 peer connect failed due to routing failure, ignoring IPv6 addresses from now on
16:32:33.310 [main] INFO  edu.stanford.crypto.cs251.transactions.ScriptTransaction - Synced blockchain.
16:32:33.324 [main] INFO  edu.stanford.crypto.cs251.transactions.ScriptTransaction - You&apos;ve got 0.00 BTC in your pocket
16:32:33.338 [NioClientManager] WARN  org.bitcoinj.core.Peer - Received alert with invalid signature from peer [13.125.190.124]:18333: URGENT: Alert key compromised, upgrade required
16:32:33.338 [NioClientManager] WARN  org.bitcoinj.core.Peer - Received alert with invalid signature from peer [13.125.190.124]:18333: URGENT: Alert key compromised, upgrade required
16:32:33.481 [NioClientManager] WARN  org.bitcoinj.core.PeerSocketHandler - [54.218.255.17]:18333 - 
org.bitcoinj.core.ProtocolException: Peer does not have a copy of the block chain.
	at org.bitcoinj.core.Peer.processVersionMessage(Peer.java:458) ~[bitcoinj-core-0.13.1.jar:?]
	at org.bitcoinj.core.Peer.processMessage(Peer.java:375) ~[bitcoinj-core-0.13.1.jar:?]
	at org.bitcoinj.core.PeerSocketHandler.receiveBytes(PeerSocketHandler.java:180) [bitcoinj-core-0.13.1.jar:?]
	at org.bitcoinj.net.ConnectionHandler.handleKey(ConnectionHandler.java:223) [bitcoinj-core-0.13.1.jar:?]
	at org.bitcoinj.net.NioClientManager.handleKey(NioClientManager.java:86) [bitcoinj-core-0.13.1.jar:?]
	at org.bitcoinj.net.NioClientManager.run(NioClientManager.java:122) [bitcoinj-core-0.13.1.jar:?]
	at com.google.common.util.concurrent.AbstractExecutionThreadService$1$2.run(AbstractExecutionThreadService.java:60) [guava-16.0.1.jar:?]
	at com.google.common.util.concurrent.Callables$3.run(Callables.java:93) [guava-16.0.1.jar:?]
	at org.bitcoinj.utils.ContextPropagatingThreadFactory$1.run(ContextPropagatingThreadFactory.java:35) [bitcoinj-core-0.13.1.jar:?]
	at java.lang.Thread.run(Thread.java:748) [?:1.8.0_131]
16:32:33.481 [NioClientManager] WARN  org.bitcoinj.core.PeerSocketHandler - [54.218.255.17]:18333 - 
org.bitcoinj.core.ProtocolException: Peer does not have a copy of the block chain.
	at org.bitcoinj.core.Peer.processVersionMessage(Peer.java:458) ~[bitcoinj-core-0.13.1.jar:?]
	at org.bitcoinj.core.Peer.processMessage(Peer.java:375) ~[bitcoinj-core-0.13.1.jar:?]
	at org.bitcoinj.core.PeerSocketHandler.receiveBytes(PeerSocketHandler.java:180) [bitcoinj-core-0.13.1.jar:?]
	at org.bitcoinj.net.ConnectionHandler.handleKey(ConnectionHandler.java:223) [bitcoinj-core-0.13.1.jar:?]
	at org.bitcoinj.net.NioClientManager.handleKey(NioClientManager.java:86) [bitcoinj-core-0.13.1.jar:?]
	at org.bitcoinj.net.NioClientManager.run(NioClientManager.java:122) [bitcoinj-core-0.13.1.jar:?]
	at com.google.common.util.concurrent.AbstractExecutionThreadService$1$2.run(AbstractExecutionThreadService.java:60) [guava-16.0.1.jar:?]
	at com.google.common.util.concurrent.Callables$3.run(Callables.java:93) [guava-16.0.1.jar:?]
	at org.bitcoinj.utils.ContextPropagatingThreadFactory$1.run(ContextPropagatingThreadFactory.java:35) [bitcoinj-core-0.13.1.jar:?]
	at java.lang.Thread.run(Thread.java:748) [?:1.8.0_131]
16:32:33.494 [NioClientManager] WARN  org.bitcoinj.net.ConnectionHandler - Error handling SelectionKey: java.lang.IllegalStateException
16:32:33.494 [NioClientManager] WARN  org.bitcoinj.net.ConnectionHandler - Error handling SelectionKey: java.lang.IllegalStateException
16:32:33.592 [main] WARN  org.bitcoinj.core.Wallet - Insufficient value in wallet for send: needed 0.01001 BTC more
16:32:33.592 [main] WARN  org.bitcoinj.core.Wallet - Insufficient value in wallet for send: needed 0.01001 BTC more
</system-out>
    <system-err>org.bitcoinj.core.InsufficientMoneyException: Insufficient money,  missing 1001000 satoshis
	at org.bitcoinj.core.Wallet.calculateFee(Wallet.java:4647)
	at org.bitcoinj.core.Wallet.completeTx(Wallet.java:3656)
	at edu.stanford.crypto.cs251.transactions.ScriptTransaction.createOutgoingTransaction(ScriptTransaction.java:72)
	at edu.stanford.crypto.cs251.ScriptTest.testTransaction(ScriptTest.java:68)
	at edu.stanford.crypto.cs251.ScriptTest.testPayToPubKey(ScriptTest.java:82)
	at sun.reflect.NativeMethodAccessorImpl.invoke0(Native Method)
	at sun.reflect.NativeMethodAccessorImpl.invoke(NativeMethodAccessorImpl.java:62)
	at sun.reflect.DelegatingMethodAccessorImpl.invoke(DelegatingMethodAccessorImpl.java:43)
	at java.lang.reflect.Method.invoke(Method.java:498)
	at org.junit.runners.model.FrameworkMethod$1.runReflectiveCall(FrameworkMethod.java:47)
	at org.junit.internal.runners.model.ReflectiveCallable.run(ReflectiveCallable.java:12)
	at org.junit.runners.model.FrameworkMethod.invokeExplosively(FrameworkMethod.java:44)
	at org.junit.internal.runners.statements.InvokeMethod.evaluate(InvokeMethod.java:17)
	at org.junit.runners.ParentRunner.runLeaf(ParentRunner.java:271)
	at org.junit.runners.BlockJUnit4ClassRunner.runChild(BlockJUnit4ClassRunner.java:70)
	at org.junit.runners.BlockJUnit4ClassRunner.runChild(BlockJUnit4ClassRunner.java:50)
	at org.junit.runners.ParentRunner$3.run(ParentRunner.java:238)
	at org.junit.runners.ParentRunner$1.schedule(ParentRunner.java:63)
	at org.junit.runners.ParentRunner.runChildren(ParentRunner.java:236)
	at org.junit.runners.ParentRunner.access$000(ParentRunner.java:53)
	at org.junit.runners.ParentRunner$2.evaluate(ParentRunner.java:229)
	at org.junit.runners.ParentRunner.run(ParentRunner.java:309)
	at org.apache.maven.surefire.junit4.JUnit4TestSet.execute(JUnit4TestSet.java:53)
	at org.apache.maven.surefire.junit4.JUnit4Provider.executeTestSet(JUnit4Provider.java:123)
	at org.apache.maven.surefire.junit4.JUnit4Provider.invoke(JUnit4Provider.java:104)
	at sun.reflect.NativeMethodAccessorImpl.invoke0(Native Method)
	at sun.reflect.NativeMethodAccessorImpl.invoke(NativeMethodAccessorImpl.java:62)
	at sun.reflect.DelegatingMethodAccessorImpl.invoke(DelegatingMethodAccessorImpl.java:43)
	at java.lang.reflect.Method.invoke(Method.java:498)
	at org.apache.maven.surefire.util.ReflectionUtils.invokeMethodWithArray(ReflectionUtils.java:164)
	at org.apache.maven.surefire.booter.ProviderFactory$ProviderProxy.invoke(ProviderFactory.java:110)
	at org.apache.maven.surefire.booter.SurefireStarter.invokeProvider(SurefireStarter.java:175)
	at org.apache.maven.surefire.booter.SurefireStarter.runSuitesInProcessWhenForked(SurefireStarter.java:107)
	at org.apache.maven.surefire.booter.ForkedBooter.main(ForkedBooter.java:68)
</system-err>
  </testcase>
</testsuite>